<?xml version="1.0" encoding="UTF-8"?>
<!-- Generated by org.testng.reporters.JUnitXMLReporter -->
<testsuite hostname="Bhargav" ignored="0" name="Test" tests="5" failures="0" timestamp="2024-03-25T02:05:06 IST" time="30.797" errors="0">
  <testcase name="helios" time="6.672" classname="Games.Gameloft_Test"/>
  <testcase name="helios" time="3.691" classname="Games.Krafton_Test"/>
  <testcase name="softonic" time="11.776" classname="Games.Softonic_Test"/>
  <testcase name="helios" time="5.408" classname="Games.Activision_Test"/>
  <testcase name="helios" time="3.207" classname="Games.Ubisoft_Test"/>
</testsuite> <!-- Test -->
