<?xml version="1.0" encoding="UTF-8"?>
<!-- Generated by org.testng.reporters.JUnitXMLReporter -->
<testsuite hostname="Bhargav" ignored="0" name="Command line test" tests="11" failures="0" timestamp="2024-03-22T10:55:50 IST" time="39.351" errors="0">
  <testcase name="helios" time="3.996" classname="Games.Activision_Test"/>
  <testcase name="helios" time="5.704" classname="Games.Gameloft_Test"/>
  <testcase name="helios" time="5.402" classname="Games.Krafton_Test"/>
  <testcase name="softonic" time="4.552" classname="Games.Softonic_Test"/>
  <testcase name="helios" time="3.529" classname="Games.Ubisoft_Test"/>
  <testcase name="benz" time="3.293" classname="Watches.Benz_Test"/>
  <testcase name="bmw" time="2.644" classname="Watches.Bmw_Test"/>
  <testcase name="boat" time="2.226" classname="Watches.Boat_Test"/>
  <testcase name="casio" time="2.973" classname="Watches.Casio_Test"/>
  <testcase name="helios" time="2.187" classname="Watches.Helios_Test"/>
  <testcase name="rado" time="2.815" classname="Watches.Rado_Test"/>
</testsuite> <!-- Command line test -->
