<?xml version="1.0" encoding="UTF-8"?>
<!-- Generated by org.testng.reporters.JUnitXMLReporter -->
<testsuite hostname="Bhargav" ignored="0" name="Test" tests="5" failures="0" timestamp="2024-06-02T13:12:38 IST" time="99.484" errors="0">
  <testcase name="helios" time="21.098" classname="Games.Gameloft_Test"/>
  <testcase name="helios" time="32.381" classname="Games.Krafton_Test"/>
  <testcase name="softonic" time="31.784" classname="Games.Softonic_Test"/>
  <testcase name="helios" time="6.975" classname="Games.Activision_Test"/>
  <testcase name="helios" time="7.193" classname="Games.Ubisoft_Test"/>
</testsuite> <!-- Test -->
