<?xml version="1.0" encoding="UTF-8"?>
<!-- Generated by org.testng.reporters.JUnitXMLReporter -->
<testsuite hostname="Bhargav" ignored="0" name="Surefire test" tests="11" failures="0" timestamp="2024-03-22T10:52:42 IST" time="56.457" errors="0">
  <testcase name="helios" time="8.475" classname="Games.Activision_Test"/>
  <testcase name="helios" time="3.022" classname="Games.Gameloft_Test"/>
  <testcase name="helios" time="5.202" classname="Games.Krafton_Test"/>
  <testcase name="softonic" time="4.966" classname="Games.Softonic_Test"/>
  <testcase name="helios" time="4.57" classname="Games.Ubisoft_Test"/>
  <testcase name="benz" time="3.649" classname="Watches.Benz_Test"/>
  <testcase name="bmw" time="6.014" classname="Watches.Bmw_Test"/>
  <testcase name="boat" time="3.359" classname="Watches.Boat_Test"/>
  <testcase name="casio" time="3.957" classname="Watches.Casio_Test"/>
  <testcase name="helios" time="9.493" classname="Watches.Helios_Test"/>
  <testcase name="rado" time="3.717" classname="Watches.Rado_Test"/>
</testsuite> <!-- Surefire test -->
